<?xml version="1.0" encoding="UTF-8"?>
<!-- Generated by org.testng.reporters.JUnitReportReporter -->
<testsuite hostname="Q15879" name="com.stockaccounting.maventest1" tests="1" failures="0" timestamp="15 Jul 2016 12:37:44 GMT" time="10.626" errors="0">
  <testcase name="exe" time="10.626" classname="com.stockaccounting.maventest1"/>
</testsuite> <!-- com.stockaccounting.maventest1 -->
